2023-08-01 15:53:57 - INFO - Adding job tentatively -- it will be properly scheduled when the scheduler starts
2023-08-01 15:53:57 - INFO - Added job "job" to job store "default"
2023-08-01 15:53:57 - INFO - Scheduler started
2023-08-01 15:53:57 - INFO - Bot: –ê–Ω–µ–∫–¥–æ—Ç–∏–∫–∏ [@makser_humor_bot]
2023-08-01 15:53:57 - WARNING - Updates were skipped successfully.
2023-08-01 15:53:57 - INFO - Start polling.
2023-08-01 15:54:12 - INFO - Unbanned user (user_id: 5617952282)
2023-08-01 15:54:13 - INFO - User action: /admin (User ID: 6013011895)
2023-08-01 15:54:26 - INFO - Banned user (user_id: 5617952282)
2023-08-01 15:56:51 - INFO - Adding job tentatively -- it will be properly scheduled when the scheduler starts
2023-08-01 15:56:51 - INFO - Added job "job" to job store "default"
2023-08-01 15:56:51 - INFO - Scheduler started
2023-08-01 15:56:51 - INFO - Bot: –ê–Ω–µ–∫–¥–æ—Ç–∏–∫–∏ [@makser_humor_bot]
2023-08-01 15:56:51 - WARNING - Updates were skipped successfully.
2023-08-01 15:56:51 - INFO - Start polling.
2023-08-01 15:56:59 - INFO - User action: /admin (User ID: 6013011895)
2023-08-01 15:57:10 - INFO - Unbanned user (user_id: 5617952282)
2023-08-01 15:57:11 - INFO - User action: /admin (User ID: 6013011895)
2023-08-01 15:57:24 - INFO - Banned user (user_id: 5617952282)
2023-08-01 15:57:30 - INFO - User action: /admin (User ID: 6013011895)
2023-08-01 15:57:39 - INFO - Unbanned user (user_id: 5617952282)
2023-08-01 16:47:27 - INFO - User action: Liked joke (User ID: 5152053486, Joke ID: 5606)
2023-08-01 16:57:19 - INFO - User action: /start (User ID: 6013011895)
2023-08-01 16:57:22 - INFO - User action: /info (User ID: 6013011895)
2023-08-01 18:50:48 - INFO - User action: /start (User ID: 6109478142)
2023-08-01 18:51:00 - INFO - User action: /help (User ID: 6109478142)
2023-08-01 18:51:11 - INFO - User action: /joke (User ID: 6109478142)
2023-08-01 18:51:13 - INFO - User action: Sent joke (User ID: 6109478142, Joke ID: 11801)
2023-08-01 18:52:12 - INFO - User action: Sent joke (User ID: 6109478142, Joke ID: 10904)
2023-08-01 18:52:40 - INFO - User action: Sent joke (User ID: 6109478142, Joke ID: 7087)
2023-08-01 18:52:55 - INFO - User action: Liked joke (User ID: 6109478142, Joke ID: 7087)
2023-08-01 18:53:32 - INFO - User action: Sent joke (User ID: 6109478142, Joke ID: 11939)
2023-08-01 18:54:04 - INFO - User action: Sent joke (User ID: 6109478142, Joke ID: 2046)
2023-08-01 18:54:19 - INFO - User action: Sent joke (User ID: 6109478142, Joke ID: 181)
2023-08-01 18:54:22 - INFO - User action: Liked joke (User ID: 6109478142, Joke ID: 2046)
2023-08-01 18:54:34 - INFO - User action: Liked joke (User ID: 6109478142, Joke ID: 181)
2023-08-01 20:37:48 - INFO - Adding job tentatively -- it will be properly scheduled when the scheduler starts
2023-08-01 20:37:48 - INFO - Added job "job" to job store "default"
2023-08-01 20:37:48 - INFO - Scheduler started
2023-08-01 20:37:48 - INFO - Bot: ¿ÌÂÍ‰ÓÚËÍË [@makser_humor_bot]
2023-08-01 20:37:48 - WARNING - Updates were skipped successfully.
2023-08-01 20:37:48 - INFO - Start polling.
2023-08-01 20:37:57 - INFO - User action: /joke (User ID: 6013011895)
2023-08-01 20:37:59 - INFO - User action: /info (User ID: 6013011895)
2023-08-01 20:38:03 - INFO - User action: /start (User ID: 6013011895)
2023-08-01 20:38:07 - INFO - User action: /admin (User ID: 6013011895)
2023-08-01 20:38:29 - INFO - Banned user (user_id: 5617952282)
2023-08-01 20:40:00 - INFO - User action: /admin (User ID: 6013011895)
2023-08-01 20:40:05 - INFO - User action: /admin (User ID: 6013011895)
2023-08-01 20:43:02 - INFO - Stop polling...
2023-08-01 20:43:02 - WARNING - Goodbye!
2023-08-01 20:46:49 - INFO - Adding job tentatively -- it will be properly scheduled when the scheduler starts
2023-08-01 20:46:49 - INFO - Added job "job" to job store "default"
2023-08-01 20:46:49 - INFO - Scheduler started
2023-08-01 20:46:49 - INFO - Bot: ¿ÌÂÍ‰ÓÚËÍË [@makser_humor_bot]
2023-08-01 20:46:49 - WARNING - Updates were skipped successfully.
2023-08-01 20:46:50 - INFO - Start polling.
2023-08-01 20:46:55 - INFO - User action: /admin (User ID: 6013011895)
2023-08-01 20:47:05 - INFO - Unbanned user (user_id: 5617952282)
2023-08-01 20:47:07 - INFO - User action: /admin (User ID: 6013011895)
2023-08-01 20:47:22 - INFO - Banned user (user_id: 5617952282)
2023-08-01 20:47:49 - INFO - Stop polling...
2023-08-01 20:47:49 - WARNING - Goodbye!
2023-08-02 17:50:54 - INFO - Adding job tentatively -- it will be properly scheduled when the scheduler starts
2023-08-02 17:50:54 - INFO - Added job "job" to job store "default"
2023-08-02 17:50:54 - INFO - Scheduler started
2023-08-02 17:50:54 - INFO - Bot: –ê–Ω–µ–∫–¥–æ—Ç–∏–∫–∏ [@makser_humor_bot]
2023-08-02 17:50:54 - WARNING - Updates were skipped successfully.
2023-08-02 17:50:55 - INFO - Start polling.
2023-08-02 17:50:57 - INFO - Stop polling...
2023-08-02 17:50:57 - WARNING - Goodbye!
2023-08-02 17:51:19 - INFO - Adding job tentatively -- it will be properly scheduled when the scheduler starts
2023-08-02 17:51:19 - INFO - Added job "job" to job store "default"
2023-08-02 17:51:19 - INFO - Scheduler started
2023-08-02 17:51:20 - INFO - Bot: –ê–Ω–µ–∫–¥–æ—Ç–∏–∫–∏ [@makser_humor_bot]
2023-08-02 17:51:20 - WARNING - Updates were skipped successfully.
2023-08-02 17:51:21 - INFO - Start polling.
2023-08-02 17:52:21 - INFO - Adding job tentatively -- it will be properly scheduled when the scheduler starts
2023-08-02 17:52:21 - INFO - Added job "job" to job store "default"
2023-08-02 17:52:21 - INFO - Scheduler started
2023-08-02 17:52:21 - INFO - Bot: –ê–Ω–µ–∫–¥–æ—Ç–∏–∫–∏ [@makser_humor_bot]
2023-08-02 17:52:21 - WARNING - Updates were skipped successfully.
2023-08-02 17:52:21 - INFO - Start polling.
2023-08-02 17:52:42 - INFO - Adding job tentatively -- it will be properly scheduled when the scheduler starts
2023-08-02 17:52:42 - INFO - Added job "job" to job store "default"
2023-08-02 17:52:42 - INFO - Scheduler started
2023-08-02 17:52:42 - INFO - Bot: –ê–Ω–µ–∫–¥–æ—Ç–∏–∫–∏ [@makser_humor_bot]
2023-08-02 17:52:43 - WARNING - Updates were skipped successfully.
2023-08-02 17:52:43 - INFO - Start polling.
2023-08-02 18:11:06 - INFO - Adding job tentatively -- it will be properly scheduled when the scheduler starts
2023-08-02 18:11:06 - INFO - Added job "job" to job store "default"
2023-08-02 18:11:06 - INFO - Scheduler started
2023-08-02 18:11:07 - INFO - Bot: –ê–Ω–µ–∫–¥–æ—Ç–∏–∫–∏ [@makser_humor_bot]
2023-08-02 18:11:07 - WARNING - Updates were skipped successfully.
2023-08-02 18:11:07 - INFO - Start polling.
2023-08-02 18:11:24 - INFO - User action: /info (User ID: 6013011895)
2023-08-02 18:11:38 - INFO - User action: /admin (User ID: 6013011895)
2023-08-02 18:11:58 - INFO - Unbanned user (user_id: 5617952282)
2023-08-02 18:11:59 - INFO - User action: /admin (User ID: 6013011895)
2023-08-02 18:12:17 - INFO - Banned user (user_id: 5617952282)
2023-08-02 18:13:02 - INFO - Stop polling...
2023-08-02 18:13:02 - WARNING - Goodbye!
2023-08-03 10:20:17 - INFO - Adding job tentatively -- it will be properly scheduled when the scheduler starts
2023-08-03 10:20:17 - INFO - Added job "job" to job store "default"
2023-08-03 10:20:17 - INFO - Scheduler started
2023-08-03 10:20:17 - INFO - Bot: –ê–Ω–µ–∫–¥–æ—Ç–∏–∫–∏ [@makser_humor_bot]
2023-08-03 10:20:17 - WARNING - Updates were skipped successfully.
2023-08-03 10:20:17 - INFO - Start polling.
2023-08-03 10:22:08 - INFO - Stop polling...
2023-08-03 10:22:08 - WARNING - Goodbye!
2023-08-03 10:22:08 - ERROR - Cause exception while getting updates.
Traceback (most recent call last):
  File "/Users/makser/Desktop/Python/Joke-Bot/venv/lib/python3.9/site-packages/aiogram/bot/api.py", line 139, in make_request
    async with session.post(url, data=req, **kwargs) as response:
  File "/Users/makser/Desktop/Python/Joke-Bot/venv/lib/python3.9/site-packages/aiohttp/client.py", line 1141, in __aenter__
    self._resp = await self._coro
  File "/Users/makser/Desktop/Python/Joke-Bot/venv/lib/python3.9/site-packages/aiohttp/client.py", line 560, in _request
    await resp.start(conn)
  File "/Users/makser/Desktop/Python/Joke-Bot/venv/lib/python3.9/site-packages/aiohttp/client_reqrep.py", line 899, in start
    message, payload = await protocol.read()  # type: ignore[union-attr]
  File "/Users/makser/Desktop/Python/Joke-Bot/venv/lib/python3.9/site-packages/aiohttp/streams.py", line 616, in read
    await self._waiter
aiohttp.client_exceptions.ServerDisconnectedError: Server disconnected

During handling of the above exception, another exception occurred:

Traceback (most recent call last):
  File "/Users/makser/Desktop/Python/Joke-Bot/venv/lib/python3.9/site-packages/aiogram/dispatcher/dispatcher.py", line 381, in start_polling
    updates = await self.bot.get_updates(
  File "/Users/makser/Desktop/Python/Joke-Bot/venv/lib/python3.9/site-packages/aiogram/bot/bot.py", line 110, in get_updates
    result = await self.request(api.Methods.GET_UPDATES, payload)
  File "/Users/makser/Desktop/Python/Joke-Bot/venv/lib/python3.9/site-packages/aiogram/bot/base.py", line 236, in request
    return await api.make_request(await self.get_session(), self.server, self.__token, method, data, files,
  File "/Users/makser/Desktop/Python/Joke-Bot/venv/lib/python3.9/site-packages/aiogram/bot/api.py", line 142, in make_request
    raise exceptions.NetworkError(f"aiohttp client throws an error: {e.__class__.__name__}: {e}")
aiogram.utils.exceptions.NetworkError: Aiohttp client throws an error: ServerDisconnectedError: Server disconnected
2023-08-03 10:31:05 - INFO - Adding job tentatively -- it will be properly scheduled when the scheduler starts
2023-08-03 10:31:05 - INFO - Added job "job" to job store "default"
2023-08-03 10:31:05 - INFO - Scheduler started
2023-08-03 10:31:05 - INFO - Bot: –ê–Ω–µ–∫–¥–æ—Ç–∏–∫–∏ [@makser_humor_bot]
2023-08-03 10:31:05 - WARNING - Updates were skipped successfully.
2023-08-03 10:31:05 - INFO - Start polling.
2023-08-03 10:31:08 - INFO - User action: /start (User ID: 6013011895)
2023-08-03 10:31:17 - INFO - User action: Sent joke (User ID: 6013011895, Joke ID: 11502)
2023-08-03 10:31:22 - INFO - User action: /info (User ID: 6013011895)
2023-08-03 10:31:27 - INFO - User action: /admin (User ID: 6013011895)
2023-08-03 10:31:41 - INFO - Unbanned user (user_id: 5617952282)
2023-08-03 10:31:42 - INFO - User action: /admin (User ID: 6013011895)
2023-08-03 10:44:38 - INFO - Adding job tentatively -- it will be properly scheduled when the scheduler starts
2023-08-03 10:44:38 - INFO - Added job "job" to job store "default"
2023-08-03 10:44:38 - INFO - Scheduler started
2023-08-03 10:44:38 - INFO - Bot: –ê–Ω–µ–∫–¥–æ—Ç–∏–∫–∏ [@makser_humor_bot]
2023-08-03 10:44:38 - WARNING - Updates were skipped successfully.
2023-08-03 10:44:38 - INFO - Start polling.
2023-08-03 10:45:01 - INFO - User action: /admin (User ID: 6013011895)
2023-08-03 10:47:50 - INFO - Stop polling...
2023-08-03 10:47:50 - WARNING - Goodbye!
2023-08-03 10:47:53 - INFO - Adding job tentatively -- it will be properly scheduled when the scheduler starts
2023-08-03 10:47:53 - INFO - Added job "job" to job store "default"
2023-08-03 10:47:53 - INFO - Scheduler started
2023-08-03 10:47:54 - INFO - Bot: –ê–Ω–µ–∫–¥–æ—Ç–∏–∫–∏ [@makser_humor_bot]
2023-08-03 10:47:55 - WARNING - Updates were skipped successfully.
2023-08-03 10:47:55 - INFO - Start polling.
2023-08-03 10:48:12 - INFO - User action: /admin (User ID: 6013011895)
2023-08-03 10:48:42 - INFO - User action: /admin (User ID: 6013011895)
2023-08-03 10:48:44 - INFO - User action: Downloaded log (User ID: 6013011895)
2023-08-03 10:49:22 - INFO - User action: Downloaded log (User ID: 6013011895)
2023-08-03 10:50:09 - INFO - Adding job tentatively -- it will be properly scheduled when the scheduler starts
2023-08-03 10:50:09 - INFO - Added job "job" to job store "default"
2023-08-03 10:50:09 - INFO - Scheduler started
2023-08-03 10:50:09 - INFO - Bot: –ê–Ω–µ–∫–¥–æ—Ç–∏–∫–∏ [@makser_humor_bot]
2023-08-03 10:50:10 - WARNING - Updates were skipped successfully.
2023-08-03 10:50:10 - INFO - Start polling.
2023-08-03 10:50:33 - INFO - User action: /admin (User ID: 6013011895)
2023-08-03 10:51:39 - INFO - Adding job tentatively -- it will be properly scheduled when the scheduler starts
2023-08-03 10:51:39 - INFO - Added job "job" to job store "default"
2023-08-03 10:51:39 - INFO - Scheduler started
2023-08-03 10:51:39 - INFO - Bot: –ê–Ω–µ–∫–¥–æ—Ç–∏–∫–∏ [@makser_humor_bot]
2023-08-03 10:51:39 - WARNING - Updates were skipped successfully.
2023-08-03 10:51:40 - INFO - Start polling.
2023-08-03 10:53:17 - INFO - Adding job tentatively -- it will be properly scheduled when the scheduler starts
2023-08-03 10:53:17 - INFO - Added job "job" to job store "default"
2023-08-03 10:53:17 - INFO - Scheduler started
2023-08-03 10:53:17 - INFO - Bot: –ê–Ω–µ–∫–¥–æ—Ç–∏–∫–∏ [@makser_humor_bot]
2023-08-03 10:53:17 - WARNING - Updates were skipped successfully.
2023-08-03 10:53:17 - INFO - Start polling.
2023-08-03 10:53:21 - INFO - User action: /admin (User ID: 6013011895)
2023-08-03 10:53:46 - ERROR - Update: {"update_id": 247867177, "message": {"message_id": 19123, "from": {"id": 6013011895, "is_bot": false, "first_name": "Mak5er", "username": "mak5er", "language_code": "uk"}, "chat": {"id": 6013011895, "first_name": "Mak5er", "username": "mak5er", "type": "private"}, "date": 1691049226, "text": "eee"}}
Exception: Message can't be edited
2023-08-03 10:53:46 - ERROR - Task exception was never retrieved
future: <Task finished name='Task-41' coro=<Dispatcher._process_polling_updates() done, defined at /Users/makser/Desktop/Python/Joke-Bot/venv/lib/python3.9/site-packages/aiogram/dispatcher/dispatcher.py:407> exception=MessageCantBeEdited("Message can't be edited")>
Traceback (most recent call last):
  File "/Users/makser/Desktop/Python/Joke-Bot/venv/lib/python3.9/site-packages/aiogram/dispatcher/dispatcher.py", line 415, in _process_polling_updates
    for responses in itertools.chain.from_iterable(await self.process_updates(updates, fast)):
  File "/Users/makser/Desktop/Python/Joke-Bot/venv/lib/python3.9/site-packages/aiogram/dispatcher/dispatcher.py", line 235, in process_updates
    return await asyncio.gather(*tasks)
  File "/Users/makser/Desktop/Python/Joke-Bot/venv/lib/python3.9/site-packages/aiogram/dispatcher/handler.py", line 117, in notify
    response = await handler_obj.handler(*args, **partial_data)
  File "/Users/makser/Desktop/Python/Joke-Bot/venv/lib/python3.9/site-packages/aiogram/dispatcher/dispatcher.py", line 256, in process_update
    return await self.message_handlers.notify(update.message)
  File "/Users/makser/Desktop/Python/Joke-Bot/venv/lib/python3.9/site-packages/aiogram/dispatcher/handler.py", line 117, in notify
    response = await handler_obj.handler(*args, **partial_data)
  File "/Users/makser/Desktop/Python/Joke-Bot/handlers/admin.py", line 497, in write_message
    await message.delete_reply_markup()
  File "/Users/makser/Desktop/Python/Joke-Bot/venv/lib/python3.9/site-packages/aiogram/types/message.py", line 3027, in delete_reply_markup
    return await self.bot.edit_message_reply_markup(
  File "/Users/makser/Desktop/Python/Joke-Bot/venv/lib/python3.9/site-packages/aiogram/bot/bot.py", line 3252, in edit_message_reply_markup
    result = await self.request(api.Methods.EDIT_MESSAGE_REPLY_MARKUP, payload)
  File "/Users/makser/Desktop/Python/Joke-Bot/venv/lib/python3.9/site-packages/aiogram/bot/base.py", line 236, in request
    return await api.make_request(await self.get_session(), self.server, self.__token, method, data, files,
  File "/Users/makser/Desktop/Python/Joke-Bot/venv/lib/python3.9/site-packages/aiogram/bot/api.py", line 140, in make_request
    return check_result(method, response.content_type, response.status, await response.text())
  File "/Users/makser/Desktop/Python/Joke-Bot/venv/lib/python3.9/site-packages/aiogram/bot/api.py", line 115, in check_result
    exceptions.BadRequest.detect(description)
  File "/Users/makser/Desktop/Python/Joke-Bot/venv/lib/python3.9/site-packages/aiogram/utils/exceptions.py", line 140, in detect
    raise err(cls.text or description)
aiogram.utils.exceptions.MessageCantBeEdited: Message can't be edited
2023-08-03 10:54:27 - INFO - Adding job tentatively -- it will be properly scheduled when the scheduler starts
2023-08-03 10:54:27 - INFO - Added job "job" to job store "default"
2023-08-03 10:54:27 - INFO - Scheduler started
2023-08-03 10:54:28 - INFO - Bot: –ê–Ω–µ–∫–¥–æ—Ç–∏–∫–∏ [@makser_humor_bot]
2023-08-03 10:54:28 - WARNING - Updates were skipped successfully.
2023-08-03 10:54:29 - INFO - Start polling.
2023-08-03 10:54:51 - INFO - Adding job tentatively -- it will be properly scheduled when the scheduler starts
2023-08-03 10:54:51 - INFO - Added job "job" to job store "default"
2023-08-03 10:54:51 - INFO - Scheduler started
2023-08-03 10:54:51 - INFO - Bot: –ê–Ω–µ–∫–¥–æ—Ç–∏–∫–∏ [@makser_humor_bot]
2023-08-03 10:54:52 - WARNING - Updates were skipped successfully.
2023-08-03 10:54:52 - INFO - Start polling.
2023-08-03 10:54:59 - INFO - User action: /admin (User ID: 6013011895)
2023-08-03 10:55:22 - INFO - Stop polling...
2023-08-03 10:55:22 - WARNING - Goodbye!
2023-08-03 10:55:55 - INFO - Adding job tentatively -- it will be properly scheduled when the scheduler starts
2023-08-03 10:55:55 - INFO - Added job "job" to job store "default"
2023-08-03 10:55:55 - INFO - Scheduler started
2023-08-03 10:55:56 - INFO - Bot: –ê–Ω–µ–∫–¥–æ—Ç–∏–∫–∏ [@makser_humor_bot]
2023-08-03 10:55:56 - WARNING - Updates were skipped successfully.
2023-08-03 10:55:57 - INFO - Start polling.
2023-08-03 10:56:03 - INFO - User action: /admin (User ID: 6013011895)
2023-08-03 10:56:23 - INFO - User action: /admin (User ID: 6013011895)
2023-08-03 11:00:41 - INFO - Adding job tentatively -- it will be properly scheduled when the scheduler starts
2023-08-03 11:00:41 - INFO - Added job "job" to job store "default"
2023-08-03 11:00:41 - INFO - Scheduler started
2023-08-03 11:00:41 - INFO - Bot: –ê–Ω–µ–∫–¥–æ—Ç–∏–∫–∏ [@makser_humor_bot]
2023-08-03 11:00:41 - WARNING - Updates were skipped successfully.
2023-08-03 11:00:41 - INFO - Start polling.
2023-08-03 11:00:50 - INFO - Stop polling...
2023-08-03 11:00:50 - WARNING - Goodbye!
2023-08-03 11:06:52 - INFO - Adding job tentatively -- it will be properly scheduled when the scheduler starts
2023-08-03 11:06:52 - INFO - Added job "job" to job store "default"
2023-08-03 11:06:52 - INFO - Scheduler started
2023-08-03 11:06:52 - INFO - Bot: –ê–Ω–µ–∫–¥–æ—Ç–∏–∫–∏ [@makser_humor_bot]
2023-08-03 11:06:52 - WARNING - Updates were skipped successfully.
2023-08-03 11:06:53 - INFO - Start polling.
2023-08-03 11:07:22 - INFO - User action: /info (User ID: 5617952282)
2023-08-03 11:27:30 - INFO - Adding job tentatively -- it will be properly scheduled when the scheduler starts
2023-08-03 11:27:30 - INFO - Added job "job" to job store "default"
2023-08-03 11:27:30 - INFO - Scheduler started
2023-08-03 11:27:30 - INFO - Bot: ¿ÌÂÍ‰ÓÚËÍË [@makser_humor_bot]
2023-08-03 11:27:30 - WARNING - Updates were skipped successfully.
2023-08-03 11:27:30 - INFO - Start polling.
2023-08-03 11:27:44 - INFO - User action: /admin (User ID: 6013011895)
2023-08-03 11:28:34 - INFO - Adding job tentatively -- it will be properly scheduled when the scheduler starts
2023-08-03 11:28:34 - INFO - Added job "job" to job store "default"
2023-08-03 11:28:34 - INFO - Scheduler started
2023-08-03 11:28:34 - INFO - Bot: ¿ÌÂÍ‰ÓÚËÍË [@makser_humor_bot]
2023-08-03 11:28:34 - WARNING - Updates were skipped successfully.
2023-08-03 11:28:35 - INFO - Start polling.
2023-08-03 11:28:36 - INFO - User action: /admin (User ID: 6013011895)
2023-08-03 11:28:46 - INFO - User action: /admin (User ID: 6013011895)
2023-08-03 11:31:09 - INFO - Stop polling...
2023-08-03 11:31:09 - WARNING - Goodbye!
2023-08-03 11:31:10 - INFO - Adding job tentatively -- it will be properly scheduled when the scheduler starts
2023-08-03 11:31:10 - INFO - Added job "job" to job store "default"
2023-08-03 11:31:10 - INFO - Scheduler started
2023-08-03 11:31:10 - INFO - Bot: ¿ÌÂÍ‰ÓÚËÍË [@makser_humor_bot]
2023-08-03 11:31:10 - WARNING - Updates were skipped successfully.
2023-08-03 11:31:11 - INFO - Start polling.
2023-08-03 11:32:30 - INFO - Adding job tentatively -- it will be properly scheduled when the scheduler starts
2023-08-03 11:32:30 - INFO - Added job "job" to job store "default"
2023-08-03 11:32:30 - INFO - Scheduler started
2023-08-03 11:32:31 - INFO - Bot: ¿ÌÂÍ‰ÓÚËÍË [@makser_humor_bot]
2023-08-03 11:32:31 - WARNING - Updates were skipped successfully.
2023-08-03 11:32:31 - INFO - Start polling.
2023-08-03 11:33:42 - INFO - User action: /info (User ID: 6013011895)
2023-08-03 11:33:45 - INFO - User action: /admin (User ID: 6013011895)
2023-08-03 11:34:03 - ERROR - Error sending message to user 881351677: Forbidden: bot was blocked by the user
2023-08-03 11:34:29 - INFO - User action: /admin (User ID: 6013011895)
2023-08-03 11:34:35 - INFO - Adding job tentatively -- it will be properly scheduled when the scheduler starts
2023-08-03 11:34:35 - INFO - Added job "job" to job store "default"
2023-08-03 11:34:35 - INFO - Scheduler started
2023-08-03 11:34:35 - INFO - Bot: ¿ÌÂÍ‰ÓÚËÍË [@makser_humor_bot]
2023-08-03 11:34:35 - WARNING - Updates were skipped successfully.
2023-08-03 11:34:35 - INFO - Start polling.
2023-08-03 11:34:57 - INFO - User action: /admin (User ID: 6013011895)
